Determining if the pthread_create exist failed with the following output:
Change Dir: /workspaces/Repository/ubuntu_networking/NetCommon/CMakeFiles/CMakeTmp

Run Build Command:"/usr/bin/make" "cmTC_46c8a/fast"
/usr/bin/make -f CMakeFiles/cmTC_46c8a.dir/build.make CMakeFiles/cmTC_46c8a.dir/build
make[1]: Entering directory '/workspaces/Repository/ubuntu_networking/NetCommon/CMakeFiles/CMakeTmp'
Building C object CMakeFiles/cmTC_46c8a.dir/CheckSymbolExists.c.o
/usr/bin/cc    -o CMakeFiles/cmTC_46c8a.dir/CheckSymbolExists.c.o   -c /workspaces/Repository/ubuntu_networking/NetCommon/CMakeFiles/CMakeTmp/CheckSymbolExists.c
Linking C executable cmTC_46c8a
/usr/bin/cmake -E cmake_link_script CMakeFiles/cmTC_46c8a.dir/link.txt --verbose=1
/usr/bin/cc      -rdynamic CMakeFiles/cmTC_46c8a.dir/CheckSymbolExists.c.o  -o cmTC_46c8a 
CMakeFiles/cmTC_46c8a.dir/CheckSymbolExists.c.o: In function `main':
CheckSymbolExists.c:(.text+0x1b): undefined reference to `pthread_create'
collect2: error: ld returned 1 exit status
CMakeFiles/cmTC_46c8a.dir/build.make:97: recipe for target 'cmTC_46c8a' failed
make[1]: *** [cmTC_46c8a] Error 1
make[1]: Leaving directory '/workspaces/Repository/ubuntu_networking/NetCommon/CMakeFiles/CMakeTmp'
Makefile:126: recipe for target 'cmTC_46c8a/fast' failed
make: *** [cmTC_46c8a/fast] Error 2

File /workspaces/Repository/ubuntu_networking/NetCommon/CMakeFiles/CMakeTmp/CheckSymbolExists.c:
/* */
#include <pthread.h>

int main(int argc, char** argv)
{
  (void)argv;
#ifndef pthread_create
  return ((int*)(&pthread_create))[argc];
#else
  (void)argc;
  return 0;
#endif
}

Determining if the function pthread_create exists in the pthreads failed with the following output:
Change Dir: /workspaces/Repository/ubuntu_networking/NetCommon/CMakeFiles/CMakeTmp

Run Build Command:"/usr/bin/make" "cmTC_e9b70/fast"
/usr/bin/make -f CMakeFiles/cmTC_e9b70.dir/build.make CMakeFiles/cmTC_e9b70.dir/build
make[1]: Entering directory '/workspaces/Repository/ubuntu_networking/NetCommon/CMakeFiles/CMakeTmp'
Building C object CMakeFiles/cmTC_e9b70.dir/CheckFunctionExists.c.o
/usr/bin/cc   -DCHECK_FUNCTION_EXISTS=pthread_create   -o CMakeFiles/cmTC_e9b70.dir/CheckFunctionExists.c.o   -c /usr/share/cmake-3.10/Modules/CheckFunctionExists.c
Linking C executable cmTC_e9b70
/usr/bin/cmake -E cmake_link_script CMakeFiles/cmTC_e9b70.dir/link.txt --verbose=1
/usr/bin/cc  -DCHECK_FUNCTION_EXISTS=pthread_create    -rdynamic CMakeFiles/cmTC_e9b70.dir/CheckFunctionExists.c.o  -o cmTC_e9b70 -lpthreads 
/usr/bin/ld: cannot find -lpthreads
collect2: error: ld returned 1 exit status
CMakeFiles/cmTC_e9b70.dir/build.make:97: recipe for target 'cmTC_e9b70' failed
make[1]: *** [cmTC_e9b70] Error 1
make[1]: Leaving directory '/workspaces/Repository/ubuntu_networking/NetCommon/CMakeFiles/CMakeTmp'
Makefile:126: recipe for target 'cmTC_e9b70/fast' failed
make: *** [cmTC_e9b70/fast] Error 2


